Case #1: CMWGICOTZKVNXFJGPB
Case #2: SNKLYGHSEAJNXOPHDIIU
Case #3: CKLGNTVKPJUQVHFKOJYC
Case #4: ZNCSTJONBCWQEYJIOUDU
Case #5: WBRPSYSLQUTYTMIOMAAD
Case #6: JDGETBAYXINCKQOHVAL
Case #7: IESUGXPJKNYQTMZCVRK
Case #8: MUZRGTCEZXFGJTAKAKHP
Case #9: XFYUAXTSOIPXJNTWEMVR
Case #10: IOVUGNVRQMWICRZUAEKL
Case #11: YUIGRMJCHOJRLETBLSPH
Case #12: LPGZRDYFIMXHMOKTGV
Case #13: VHICFAEPWBHQQNZWUFRL
Case #14: TFFLUTMWYONKXMRDIHB
Case #15: NUEHDIBHCGJNNXODCSYT
Case #16: XDBZLVICXHWTIRJIRQGT
Case #17: UHVVBFHIGRXWTTAMJJKO
Case #18: SJMKNBWQZGUODYZRAGA
Case #19: EYTIFRXVXXHYMOPKQDLM
Case #20: TPWMFVZDGKXSAKBEDI
Case #21: JQFCGOGSYYUPVVRHTEHB
Case #22: SQRXALITJVBJBKOGCNK
Case #23: MXZEKVRXPZNGLGBRZDSC
Case #24: XBMBOMSJFMLTWHEIASTG
Case #25: MQTLVPBSVWYUIELEZRN
Case #26: UPNZWVOSSHKRSURGTVAC
Case #27: DMZTUQVCPMOJTRCSXWTI
Case #28: WZAZZEBRSFTYMKUHQT
Case #29: GRXPDHIVZADUYKEB
Case #30: MVPPBWGDTLRQSAFFUD
Case #31: XPVFODFMOAICPGQXLYPZ
Case #32: JOHNSON
Case #33: JEOJPVAWRZCENTGFKI
Case #34: FSCXCZVNTKGIJGGNPUAE
Case #35: VVKFJMPMZOBITLREWDUK
Case #36: VSXQHZLFCPMWWZUYVPIB
Case #37: EKLVVCOWGCFMGYRQNJM
Case #38: UMAWLBCOZUPOAIYXEQH
Case #39: THKLUBIIJRQZXENQYAST
Case #40: ZHARSQNTKXDIBTVWZK
Case #41: DRYTBDIDQYXKJPVEAMHF
Case #42: SYXUWQKTDINJFGVZRXXB
Case #43: LAZADBYKWMHVGXONHKOQ
Case #44: BZHPJQYFJUQWCROVENVD
Case #45: ZOQOUPCGXVGAQDHKYFID
Case #46: FIDNCZSFGGBVMTZAHLGB
Case #47: ZKXZFIOALVYWJCMDNXSU
Case #48: BCFTWBGTJNUVHBLRDANP
Case #49: IAMGPYOLQRXBPWETMFUS
Case #50: RCSAEOBQWZGVBJIUUGFH
Case #51: HQDPQFJASYSNELVKQRIX
Case #52: KYRFULXATNJNWVIJDM
Case #53: MKRBXOLNKUYWIFLLKSBQ
Case #54: VLRMNKYEZXAKNDJDVAS
Case #55: ZMXDTZEVLPUWCOQWGT
Case #56: KZYRVCMEUUNPLNNYJOT
Case #57: MQWFZORJAXYHCBV
Case #58: TUHWOCETRPPADJKVLKNG
Case #59: GUICHJCXRXEYPCWAMJTZ
Case #60: MKZOUDFBJEGXMWBHCR
Case #61: NZRYUQQLPPBLTKMIXDJ
Case #62: BMEGRSHWTELGICKUINES
Case #63: AFQMWIFUPALEXSCYMHQE
Case #64: RGJSZANOPIDLFMIWEMDW
Case #65: RGLOHVHKFIIURNWDZEPQ
Case #66: LZUQIMFHPBFLTXRDKTSN
Case #67: WUQCACYBPHKZJCHLMZVE
Case #68: VMKBTAEAUGZOYSPDJLB
Case #69: FUTXORMLBHHHKYZJNCLZ
Case #70: HCLGMKOXSIPDJXJRWZHV
Case #71: RDHGVYJAOPUCLTQKLIF
Case #72: FTHDLNMSWJIHVAQQUK
Case #73: CMTWHKPRZKIJNEJYO
Case #74: TKRNGMPQVUUJWMERAOM
Case #75: OCAQVKDDBUPZHHDYINW
Case #76: GEFRIAAYXTMZQJOACLHB
Case #77: SZKTFPYEOLETGJHRAGV
Case #78: BECALENCOGVVXTJQZWYI
Case #79: LUOPHLJCJNSTKEDMZA
Case #80: PHBUTJJDFPIAKLRQEN
Case #81: TSYOGIBZVBQWCMQSHNXY
Case #82: NDLPQRABTPNGENICJH
Case #83: BBIGSRFDCYXVCRVHZRWL
Case #84: QLZWBIENVSJYMMPXKYCL
Case #85: RJUDREIYQLAZRVJBHTME
Case #86: IUICJYOEHDDLSHPZZNTF
Case #87: BMMJKKTWSSRPLYXNHSEU
Case #88: NLWKASORQGNUVRKPFILZ
Case #89: MMBYOLIKMAXPESTRHUYF
Case #90: EJGDQGQBOXFPMZWTAR
Case #91: ZJMUCAVPSAFMXHAQGIAR
Case #92: QQZRAXPNKUCLBCLFVDLG
Case #93: UQNPNWIJUSZHCTABZPMM
Case #94: UPYHMEWDCUSKLVORHW
Case #95: HTVGUTOACIZWSRGLZZJM
Case #96: VRDDKNYPGLSGWAMQRCJO
Case #97: YCHSETBJFOFMLDUIZ
Case #98: PWUPMLZKFDVOIXHEYWQ
Case #99: HLROMTPZKCCKVBQEJLVZ
Case #100: GQMDJBECWISYPZHWOFA
